Signal : 
 1  2  3  4  5  6  7  8  9 10 11 12 13 14 
-1  0  0  1  1  1  0 -1 -1  0  1  0  0 -1 
Template : 
 1  2  3 
 1  1  0 
Normalized Cross Correlation : 
      -1         0         1        2        3        4        5        6         7         8         9       10       11       12        13        14 
0.000000 -0.707107 -0.707107 0.000000 0.500000 0.816497 1.000000 0.500000 -0.500000 -1.000000 -0.500000 0.707107 0.707107 0.000000 -0.707107 -0.707107 
index = 5
Signal : 
 1  2  3  4  5  6  7  8  9 10 11 12 13 14 
-1  0  0  1  1  1  0 -1 -1  0  1  0  0 -1 
Template : 
 1  2  3  4 
 0 -1 -1  0 
Normalized Cross Correlation : 
      -2       -1        0        1         2         3         4         5        6        7        8         9        10       11       12       13       14 
0.000000 0.707107 0.707107 0.000000 -0.500000 -0.816497 -0.816497 -0.408248 0.408248 1.000000 0.408248 -0.500000 -0.707107 0.000000 0.707107 0.707107 0.000000 
index = 7
Signal : 
 1  2  3  4  5  6  7  8  9 10 11 12 13 14 
-1  0  0  1  1  1  0 -1 -1  0  1  0  0 -1 
Template : 
 1  2  3  4  5 
 1  1  1  0  0 
Normalized Cross Correlation : 
      -3       -2        -1         0         1        2        3        4        5        6         7         8        9       10       11        12        13        14 
0.000000 0.000000 -0.577350 -0.408248 -0.333333 0.333333 0.666667 0.866025 0.577350 0.000000 -0.666667 -0.666667 0.000000 0.408248 0.408248 -0.577350 -0.577350 -0.577350 
index = 4
